<?xml version="1.0" encoding="UTF-8"?>
<!-- Generated by org.testng.reporters.JUnitXMLReporter -->
<testsuite hostname="Ved" ignored="0" name="RegressionTest" tests="4" failures="0" timestamp="2024-02-20T11:59:18 EST" time="25.566" errors="0">
  <testcase name="loginErrorMessage1" time="0.934" classname="com.bhumi.SampleMaven.AutomationTests.TC01"/>
  <testcase name="loginErrorMessage2" time="4.021" classname="com.bhumi.SampleMaven.AutomationTests.TC02"/>
  <testcase name="loginErrorMessage3" time="5.31" classname="com.bhumi.SampleMaven.AutomationTests.TC03"/>
  <testcase name="loginErrorMessage3" time="0.51" classname="com.bhumi.SampleMaven.AutomationTests.TC04"/>
</testsuite> <!-- RegressionTest -->
